[Fri Feb 14 2014 14:32:31 GMT+0800 (CST)] /
Error: ENOENT, no such file or directory '/Users/feng/workspaces/nodejs/Quartz/part/header.html'
    at Object.fs.openSync (fs.js:427:18)
    at fs.readFileSync (fs.js:284:15)
    at Object.exports.parse (/Users/feng/workspaces/nodejs/Quartz/node_modules/ejs/lib/ejs.js:159:19)
    at exports.compile (/Users/feng/workspaces/nodejs/Quartz/node_modules/ejs/lib/ejs.js:224:15)
    at Object.exports.render (/Users/feng/workspaces/nodejs/Quartz/node_modules/ejs/lib/ejs.js:284:10)
    at View.exports.renderFile [as engine] (/Users/feng/workspaces/nodejs/Quartz/node_modules/ejs/lib/ejs.js:318:20)
    at View.render (/Users/feng/workspaces/nodejs/Quartz/node_modules/express/lib/view.js:76:8)
    at Function.app.render (/Users/feng/workspaces/nodejs/Quartz/node_modules/express/lib/application.js:504:10)
    at ServerResponse.res.render (/Users/feng/workspaces/nodejs/Quartz/node_modules/express/lib/response.js:798:7)
    at /Users/feng/workspaces/nodejs/Quartz/routes/index.js:8:7
[Fri Feb 14 2014 14:32:48 GMT+0800 (CST)] /
Error: ENOENT, no such file or directory '/Users/feng/workspaces/nodejs/Quartz/part/header.html'
    at Object.fs.openSync (fs.js:427:18)
    at fs.readFileSync (fs.js:284:15)
    at Object.exports.parse (/Users/feng/workspaces/nodejs/Quartz/node_modules/ejs/lib/ejs.js:159:19)
    at exports.compile (/Users/feng/workspaces/nodejs/Quartz/node_modules/ejs/lib/ejs.js:224:15)
    at Object.exports.render (/Users/feng/workspaces/nodejs/Quartz/node_modules/ejs/lib/ejs.js:284:10)
    at View.exports.renderFile [as engine] (/Users/feng/workspaces/nodejs/Quartz/node_modules/ejs/lib/ejs.js:318:20)
    at View.render (/Users/feng/workspaces/nodejs/Quartz/node_modules/express/lib/view.js:76:8)
    at Function.app.render (/Users/feng/workspaces/nodejs/Quartz/node_modules/express/lib/application.js:504:10)
    at ServerResponse.res.render (/Users/feng/workspaces/nodejs/Quartz/node_modules/express/lib/response.js:798:7)
    at /Users/feng/workspaces/nodejs/Quartz/routes/index.js:8:7
[Fri Feb 14 2014 14:33:23 GMT+0800 (CST)] /
Error: ENOENT, no such file or directory '/Users/feng/workspaces/nodejs/Quartz/part/header.html'
    at Object.fs.openSync (fs.js:427:18)
    at fs.readFileSync (fs.js:284:15)
    at Object.exports.parse (/Users/feng/workspaces/nodejs/Quartz/node_modules/ejs/lib/ejs.js:159:19)
    at exports.compile (/Users/feng/workspaces/nodejs/Quartz/node_modules/ejs/lib/ejs.js:224:15)
    at Object.exports.render (/Users/feng/workspaces/nodejs/Quartz/node_modules/ejs/lib/ejs.js:284:10)
    at View.exports.renderFile [as engine] (/Users/feng/workspaces/nodejs/Quartz/node_modules/ejs/lib/ejs.js:318:20)
    at View.render (/Users/feng/workspaces/nodejs/Quartz/node_modules/express/lib/view.js:76:8)
    at Function.app.render (/Users/feng/workspaces/nodejs/Quartz/node_modules/express/lib/application.js:504:10)
    at ServerResponse.res.render (/Users/feng/workspaces/nodejs/Quartz/node_modules/express/lib/response.js:798:7)
    at /Users/feng/workspaces/nodejs/Quartz/routes/index.js:8:7
[Fri Feb 14 2014 14:33:42 GMT+0800 (CST)] /javascripts/zTree/jquery.ztree.core-3.5.js
Error: Error setting TTL index on collection : sessions
    at /Users/feng/workspaces/nodejs/Quartz/node_modules/connect-mongo/lib/connect-mongo.js:161:23
    at /Users/feng/workspaces/nodejs/Quartz/node_modules/mongodb/lib/mongodb/db.js:1404:28
    at /Users/feng/workspaces/nodejs/Quartz/node_modules/mongodb/lib/mongodb/db.js:1542:30
    at /Users/feng/workspaces/nodejs/Quartz/node_modules/mongodb/lib/mongodb/cursor.js:159:22
    at commandHandler (/Users/feng/workspaces/nodejs/Quartz/node_modules/mongodb/lib/mongodb/cursor.js:678:48)
    at /Users/feng/workspaces/nodejs/Quartz/node_modules/mongodb/lib/mongodb/db.js:1806:9
    at __executeQueryCommand (/Users/feng/workspaces/nodejs/Quartz/node_modules/mongodb/lib/mongodb/db.js:1636:44)
    at Db._executeQueryCommand (/Users/feng/workspaces/nodejs/Quartz/node_modules/mongodb/lib/mongodb/db.js:1805:7)
    at Cursor.nextObject (/Users/feng/workspaces/nodejs/Quartz/node_modules/mongodb/lib/mongodb/cursor.js:729:13)
    at Cursor.toArray (/Users/feng/workspaces/nodejs/Quartz/node_modules/mongodb/lib/mongodb/cursor.js:158:10)
[Fri Feb 14 2014 14:33:45 GMT+0800 (CST)] /javascripts/zTree/jquery.ztree.core-3.5.js
Error: Error setting TTL index on collection : sessions
    at /Users/feng/workspaces/nodejs/Quartz/node_modules/connect-mongo/lib/connect-mongo.js:161:23
    at /Users/feng/workspaces/nodejs/Quartz/node_modules/mongodb/lib/mongodb/db.js:1404:28
    at /Users/feng/workspaces/nodejs/Quartz/node_modules/mongodb/lib/mongodb/db.js:1542:30
    at /Users/feng/workspaces/nodejs/Quartz/node_modules/mongodb/lib/mongodb/cursor.js:159:22
    at commandHandler (/Users/feng/workspaces/nodejs/Quartz/node_modules/mongodb/lib/mongodb/cursor.js:678:48)
    at /Users/feng/workspaces/nodejs/Quartz/node_modules/mongodb/lib/mongodb/db.js:1806:9
    at __executeQueryCommand (/Users/feng/workspaces/nodejs/Quartz/node_modules/mongodb/lib/mongodb/db.js:1636:44)
    at Db._executeQueryCommand (/Users/feng/workspaces/nodejs/Quartz/node_modules/mongodb/lib/mongodb/db.js:1805:7)
    at Cursor.nextObject (/Users/feng/workspaces/nodejs/Quartz/node_modules/mongodb/lib/mongodb/cursor.js:729:13)
    at Cursor.toArray (/Users/feng/workspaces/nodejs/Quartz/node_modules/mongodb/lib/mongodb/cursor.js:158:10)
[Wed Feb 19 2014 21:10:20 GMT+0800 (CST)] /
Error: ENOENT, no such file or directory '/Users/feng/workspaces/nodejs/Quartz/part/header.html'
    at Object.fs.openSync (fs.js:427:18)
    at fs.readFileSync (fs.js:284:15)
    at Object.exports.parse (/Users/feng/workspaces/nodejs/Quartz/node_modules/ejs/lib/ejs.js:159:19)
    at exports.compile (/Users/feng/workspaces/nodejs/Quartz/node_modules/ejs/lib/ejs.js:224:15)
    at Object.exports.render (/Users/feng/workspaces/nodejs/Quartz/node_modules/ejs/lib/ejs.js:284:10)
    at View.exports.renderFile [as engine] (/Users/feng/workspaces/nodejs/Quartz/node_modules/ejs/lib/ejs.js:318:20)
    at View.render (/Users/feng/workspaces/nodejs/Quartz/node_modules/express/lib/view.js:76:8)
    at Function.app.render (/Users/feng/workspaces/nodejs/Quartz/node_modules/express/lib/application.js:504:10)
    at ServerResponse.res.render (/Users/feng/workspaces/nodejs/Quartz/node_modules/express/lib/response.js:798:7)
    at /Users/feng/workspaces/nodejs/Quartz/routes/index.js:8:7
[Wed Feb 19 2014 21:11:24 GMT+0800 (CST)] /monitor/jobui/weixin
Error: Failed to lookup view "monitor/jobui/weixin.html"
    at Function.app.render (/Users/feng/workspaces/nodejs/Quartz/node_modules/express/lib/application.js:493:17)
    at ServerResponse.res.render (/Users/feng/workspaces/nodejs/Quartz/node_modules/express/lib/response.js:798:7)
    at /Users/feng/workspaces/nodejs/Quartz/routes/index.js:135:7
    at callbacks (/Users/feng/workspaces/nodejs/Quartz/node_modules/express/lib/router/index.js:164:37)
    at param (/Users/feng/workspaces/nodejs/Quartz/node_modules/express/lib/router/index.js:138:11)
    at pass (/Users/feng/workspaces/nodejs/Quartz/node_modules/express/lib/router/index.js:145:5)
    at Router._dispatch (/Users/feng/workspaces/nodejs/Quartz/node_modules/express/lib/router/index.js:173:5)
    at Object.router (/Users/feng/workspaces/nodejs/Quartz/node_modules/express/lib/router/index.js:33:10)
    at next (/Users/feng/workspaces/nodejs/Quartz/node_modules/express/node_modules/connect/lib/proto.js:193:15)
    at next (/Users/feng/workspaces/nodejs/Quartz/node_modules/express/node_modules/connect/lib/middleware/session.js:315:9)
[Wed Feb 19 2014 21:11:41 GMT+0800 (CST)] /monitor/jobui/weixin
Error: Failed to lookup view "monitor/jobui/weixin.html"
    at Function.app.render (/Users/feng/workspaces/nodejs/Quartz/node_modules/express/lib/application.js:493:17)
    at ServerResponse.res.render (/Users/feng/workspaces/nodejs/Quartz/node_modules/express/lib/response.js:798:7)
    at /Users/feng/workspaces/nodejs/Quartz/routes/index.js:135:7
    at callbacks (/Users/feng/workspaces/nodejs/Quartz/node_modules/express/lib/router/index.js:164:37)
    at param (/Users/feng/workspaces/nodejs/Quartz/node_modules/express/lib/router/index.js:138:11)
    at pass (/Users/feng/workspaces/nodejs/Quartz/node_modules/express/lib/router/index.js:145:5)
    at Router._dispatch (/Users/feng/workspaces/nodejs/Quartz/node_modules/express/lib/router/index.js:173:5)
    at Object.router (/Users/feng/workspaces/nodejs/Quartz/node_modules/express/lib/router/index.js:33:10)
    at next (/Users/feng/workspaces/nodejs/Quartz/node_modules/express/node_modules/connect/lib/proto.js:193:15)
    at next (/Users/feng/workspaces/nodejs/Quartz/node_modules/express/node_modules/connect/lib/middleware/session.js:315:9)
[Wed Feb 19 2014 21:11:44 GMT+0800 (CST)] /monitor/jobui/weixin
Error: Failed to lookup view "monitor/jobui/weixin.html"
    at Function.app.render (/Users/feng/workspaces/nodejs/Quartz/node_modules/express/lib/application.js:493:17)
    at ServerResponse.res.render (/Users/feng/workspaces/nodejs/Quartz/node_modules/express/lib/response.js:798:7)
    at /Users/feng/workspaces/nodejs/Quartz/routes/index.js:135:7
    at callbacks (/Users/feng/workspaces/nodejs/Quartz/node_modules/express/lib/router/index.js:164:37)
    at param (/Users/feng/workspaces/nodejs/Quartz/node_modules/express/lib/router/index.js:138:11)
    at pass (/Users/feng/workspaces/nodejs/Quartz/node_modules/express/lib/router/index.js:145:5)
    at Router._dispatch (/Users/feng/workspaces/nodejs/Quartz/node_modules/express/lib/router/index.js:173:5)
    at Object.router (/Users/feng/workspaces/nodejs/Quartz/node_modules/express/lib/router/index.js:33:10)
    at next (/Users/feng/workspaces/nodejs/Quartz/node_modules/express/node_modules/connect/lib/proto.js:193:15)
    at next (/Users/feng/workspaces/nodejs/Quartz/node_modules/express/node_modules/connect/lib/middleware/session.js:315:9)
[Wed Feb 19 2014 21:14:50 GMT+0800 (CST)] /monitor/jobui/weixin
Error: ENOENT, no such file or directory '/Users/feng/workspaces/nodejs/Quartz/views/monitor/part/header.html'
    at Object.fs.openSync (fs.js:427:18)
    at fs.readFileSync (fs.js:284:15)
    at Object.exports.parse (/Users/feng/workspaces/nodejs/Quartz/node_modules/ejs/lib/ejs.js:159:19)
    at exports.compile (/Users/feng/workspaces/nodejs/Quartz/node_modules/ejs/lib/ejs.js:224:15)
    at Object.exports.render (/Users/feng/workspaces/nodejs/Quartz/node_modules/ejs/lib/ejs.js:284:10)
    at View.exports.renderFile [as engine] (/Users/feng/workspaces/nodejs/Quartz/node_modules/ejs/lib/ejs.js:318:20)
    at View.render (/Users/feng/workspaces/nodejs/Quartz/node_modules/express/lib/view.js:76:8)
    at Function.app.render (/Users/feng/workspaces/nodejs/Quartz/node_modules/express/lib/application.js:504:10)
    at ServerResponse.res.render (/Users/feng/workspaces/nodejs/Quartz/node_modules/express/lib/response.js:798:7)
    at /Users/feng/workspaces/nodejs/Quartz/routes/index.js:135:7
[Wed Feb 19 2014 21:14:51 GMT+0800 (CST)] /monitor/jobui/weixin
Error: ENOENT, no such file or directory '/Users/feng/workspaces/nodejs/Quartz/views/monitor/part/header.html'
    at Object.fs.openSync (fs.js:427:18)
    at fs.readFileSync (fs.js:284:15)
    at Object.exports.parse (/Users/feng/workspaces/nodejs/Quartz/node_modules/ejs/lib/ejs.js:159:19)
    at exports.compile (/Users/feng/workspaces/nodejs/Quartz/node_modules/ejs/lib/ejs.js:224:15)
    at Object.exports.render (/Users/feng/workspaces/nodejs/Quartz/node_modules/ejs/lib/ejs.js:284:10)
    at View.exports.renderFile [as engine] (/Users/feng/workspaces/nodejs/Quartz/node_modules/ejs/lib/ejs.js:318:20)
    at View.render (/Users/feng/workspaces/nodejs/Quartz/node_modules/express/lib/view.js:76:8)
    at Function.app.render (/Users/feng/workspaces/nodejs/Quartz/node_modules/express/lib/application.js:504:10)
    at ServerResponse.res.render (/Users/feng/workspaces/nodejs/Quartz/node_modules/express/lib/response.js:798:7)
    at /Users/feng/workspaces/nodejs/Quartz/routes/index.js:135:7
[Wed Feb 19 2014 21:14:52 GMT+0800 (CST)] /monitor/jobui/weixin
Error: ENOENT, no such file or directory '/Users/feng/workspaces/nodejs/Quartz/views/monitor/part/header.html'
    at Object.fs.openSync (fs.js:427:18)
    at fs.readFileSync (fs.js:284:15)
    at Object.exports.parse (/Users/feng/workspaces/nodejs/Quartz/node_modules/ejs/lib/ejs.js:159:19)
    at exports.compile (/Users/feng/workspaces/nodejs/Quartz/node_modules/ejs/lib/ejs.js:224:15)
    at Object.exports.render (/Users/feng/workspaces/nodejs/Quartz/node_modules/ejs/lib/ejs.js:284:10)
    at View.exports.renderFile [as engine] (/Users/feng/workspaces/nodejs/Quartz/node_modules/ejs/lib/ejs.js:318:20)
    at View.render (/Users/feng/workspaces/nodejs/Quartz/node_modules/express/lib/view.js:76:8)
    at Function.app.render (/Users/feng/workspaces/nodejs/Quartz/node_modules/express/lib/application.js:504:10)
    at ServerResponse.res.render (/Users/feng/workspaces/nodejs/Quartz/node_modules/express/lib/response.js:798:7)
    at /Users/feng/workspaces/nodejs/Quartz/routes/index.js:135:7
[Wed Feb 19 2014 21:15:01 GMT+0800 (CST)] /monitor/jobui/weixin
Error: ENOENT, no such file or directory '/Users/feng/workspaces/nodejs/Quartz/views/monitor/part/header.html'
    at Object.fs.openSync (fs.js:427:18)
    at fs.readFileSync (fs.js:284:15)
    at Object.exports.parse (/Users/feng/workspaces/nodejs/Quartz/node_modules/ejs/lib/ejs.js:159:19)
    at exports.compile (/Users/feng/workspaces/nodejs/Quartz/node_modules/ejs/lib/ejs.js:224:15)
    at Object.exports.render (/Users/feng/workspaces/nodejs/Quartz/node_modules/ejs/lib/ejs.js:284:10)
    at View.exports.renderFile [as engine] (/Users/feng/workspaces/nodejs/Quartz/node_modules/ejs/lib/ejs.js:318:20)
    at View.render (/Users/feng/workspaces/nodejs/Quartz/node_modules/express/lib/view.js:76:8)
    at Function.app.render (/Users/feng/workspaces/nodejs/Quartz/node_modules/express/lib/application.js:504:10)
    at ServerResponse.res.render (/Users/feng/workspaces/nodejs/Quartz/node_modules/express/lib/response.js:798:7)
    at /Users/feng/workspaces/nodejs/Quartz/routes/index.js:135:7
[Wed Feb 19 2014 21:15:01 GMT+0800 (CST)] /monitor/jobui/weixin
Error: ENOENT, no such file or directory '/Users/feng/workspaces/nodejs/Quartz/views/monitor/part/header.html'
    at Object.fs.openSync (fs.js:427:18)
    at fs.readFileSync (fs.js:284:15)
    at Object.exports.parse (/Users/feng/workspaces/nodejs/Quartz/node_modules/ejs/lib/ejs.js:159:19)
    at exports.compile (/Users/feng/workspaces/nodejs/Quartz/node_modules/ejs/lib/ejs.js:224:15)
    at Object.exports.render (/Users/feng/workspaces/nodejs/Quartz/node_modules/ejs/lib/ejs.js:284:10)
    at View.exports.renderFile [as engine] (/Users/feng/workspaces/nodejs/Quartz/node_modules/ejs/lib/ejs.js:318:20)
    at View.render (/Users/feng/workspaces/nodejs/Quartz/node_modules/express/lib/view.js:76:8)
    at Function.app.render (/Users/feng/workspaces/nodejs/Quartz/node_modules/express/lib/application.js:504:10)
    at ServerResponse.res.render (/Users/feng/workspaces/nodejs/Quartz/node_modules/express/lib/response.js:798:7)
    at /Users/feng/workspaces/nodejs/Quartz/routes/index.js:135:7
[Wed Feb 19 2014 21:15:01 GMT+0800 (CST)] /monitor/jobui/weixin
Error: ENOENT, no such file or directory '/Users/feng/workspaces/nodejs/Quartz/views/monitor/part/header.html'
    at Object.fs.openSync (fs.js:427:18)
    at fs.readFileSync (fs.js:284:15)
    at Object.exports.parse (/Users/feng/workspaces/nodejs/Quartz/node_modules/ejs/lib/ejs.js:159:19)
    at exports.compile (/Users/feng/workspaces/nodejs/Quartz/node_modules/ejs/lib/ejs.js:224:15)
    at Object.exports.render (/Users/feng/workspaces/nodejs/Quartz/node_modules/ejs/lib/ejs.js:284:10)
    at View.exports.renderFile [as engine] (/Users/feng/workspaces/nodejs/Quartz/node_modules/ejs/lib/ejs.js:318:20)
    at View.render (/Users/feng/workspaces/nodejs/Quartz/node_modules/express/lib/view.js:76:8)
    at Function.app.render (/Users/feng/workspaces/nodejs/Quartz/node_modules/express/lib/application.js:504:10)
    at ServerResponse.res.render (/Users/feng/workspaces/nodejs/Quartz/node_modules/express/lib/response.js:798:7)
    at /Users/feng/workspaces/nodejs/Quartz/routes/index.js:135:7
[Wed Feb 19 2014 21:15:04 GMT+0800 (CST)] /monitor/jobui/weixin
Error: ENOENT, no such file or directory '/Users/feng/workspaces/nodejs/Quartz/views/monitor/part/header.html'
    at Object.fs.openSync (fs.js:427:18)
    at fs.readFileSync (fs.js:284:15)
    at Object.exports.parse (/Users/feng/workspaces/nodejs/Quartz/node_modules/ejs/lib/ejs.js:159:19)
    at exports.compile (/Users/feng/workspaces/nodejs/Quartz/node_modules/ejs/lib/ejs.js:224:15)
    at Object.exports.render (/Users/feng/workspaces/nodejs/Quartz/node_modules/ejs/lib/ejs.js:284:10)
    at View.exports.renderFile [as engine] (/Users/feng/workspaces/nodejs/Quartz/node_modules/ejs/lib/ejs.js:318:20)
    at View.render (/Users/feng/workspaces/nodejs/Quartz/node_modules/express/lib/view.js:76:8)
    at Function.app.render (/Users/feng/workspaces/nodejs/Quartz/node_modules/express/lib/application.js:504:10)
    at ServerResponse.res.render (/Users/feng/workspaces/nodejs/Quartz/node_modules/express/lib/response.js:798:7)
    at /Users/feng/workspaces/nodejs/Quartz/routes/index.js:135:7
[Thu Feb 20 2014 15:36:44 GMT+0800 (CST)] /
Error: ENOENT, no such file or directory '/Users/feng/workspaces/nodejs/Quartz/part/header.html'
    at Object.fs.openSync (fs.js:427:18)
    at fs.readFileSync (fs.js:284:15)
    at Object.exports.parse (/Users/feng/workspaces/nodejs/Quartz/node_modules/ejs/lib/ejs.js:159:19)
    at exports.compile (/Users/feng/workspaces/nodejs/Quartz/node_modules/ejs/lib/ejs.js:224:15)
    at Object.exports.render (/Users/feng/workspaces/nodejs/Quartz/node_modules/ejs/lib/ejs.js:284:10)
    at View.exports.renderFile [as engine] (/Users/feng/workspaces/nodejs/Quartz/node_modules/ejs/lib/ejs.js:318:20)
    at View.render (/Users/feng/workspaces/nodejs/Quartz/node_modules/express/lib/view.js:76:8)
    at Function.app.render (/Users/feng/workspaces/nodejs/Quartz/node_modules/express/lib/application.js:504:10)
    at ServerResponse.res.render (/Users/feng/workspaces/nodejs/Quartz/node_modules/express/lib/response.js:798:7)
    at /Users/feng/workspaces/nodejs/Quartz/routes/index.js:8:7
[Mon Feb 24 2014 14:32:48 GMT+0800 (CST)] /
Error: ENOENT, no such file or directory '/Users/feng/workspaces/nodejs/Quartz/part/header.html'
    at Object.fs.openSync (fs.js:427:18)
    at fs.readFileSync (fs.js:284:15)
    at Object.exports.parse (/Users/feng/workspaces/nodejs/Quartz/node_modules/ejs/lib/ejs.js:159:19)
    at exports.compile (/Users/feng/workspaces/nodejs/Quartz/node_modules/ejs/lib/ejs.js:224:15)
    at Object.exports.render (/Users/feng/workspaces/nodejs/Quartz/node_modules/ejs/lib/ejs.js:284:10)
    at View.exports.renderFile [as engine] (/Users/feng/workspaces/nodejs/Quartz/node_modules/ejs/lib/ejs.js:318:20)
    at View.render (/Users/feng/workspaces/nodejs/Quartz/node_modules/express/lib/view.js:76:8)
    at Function.app.render (/Users/feng/workspaces/nodejs/Quartz/node_modules/express/lib/application.js:504:10)
    at ServerResponse.res.render (/Users/feng/workspaces/nodejs/Quartz/node_modules/express/lib/response.js:798:7)
    at /Users/feng/workspaces/nodejs/Quartz/routes/index.js:8:7
